{"/Users/racheal/Documents/big-bang-theory-api/controllers/characterController.ts": {"path":"/Users/racheal/Documents/big-bang-theory-api/controllers/characterController.ts","statementMap":{"0":{"start":{"line":2,"column":0},"end":{"line":2,"column":49}},"1":{"start":{"line":4,"column":24},"end":{"line":23,"column":2}},"2":{"start":{"line":4,"column":62},"end":{"line":23,"column":2}},"3":{"start":{"line":5,"column":44},"end":{"line":5,"column":52}},"4":{"start":{"line":7,"column":2},"end":{"line":22,"column":null}},"5":{"start":{"line":8,"column":4},"end":{"line":12,"column":null}},"6":{"start":{"line":9,"column":6},"end":{"line":11,"column":9}},"7":{"start":{"line":14,"column":29},"end":{"line":14,"column":66}},"8":{"start":{"line":16,"column":4},"end":{"line":19,"column":7}},"9":{"start":{"line":21,"column":4},"end":{"line":21,"column":23}},"10":{"start":{"line":119,"column":2},"end":{"line":119,"column":17}},"11":{"start":{"line":25,"column":25},"end":{"line":56,"column":2}},"12":{"start":{"line":25,"column":63},"end":{"line":56,"column":2}},"13":{"start":{"line":26,"column":21},"end":{"line":26,"column":75}},"14":{"start":{"line":27,"column":2},"end":{"line":27,"column":40}},"15":{"start":{"line":29,"column":2},"end":{"line":32,"column":5}},"16":{"start":{"line":120,"column":2},"end":{"line":120,"column":18}},"17":{"start":{"line":58,"column":21},"end":{"line":73,"column":2}},"18":{"start":{"line":58,"column":59},"end":{"line":73,"column":2}},"19":{"start":{"line":59,"column":17},"end":{"line":59,"column":27}},"20":{"start":{"line":61,"column":20},"end":{"line":61,"column":61}},"21":{"start":{"line":63,"column":2},"end":{"line":67,"column":null}},"22":{"start":{"line":64,"column":4},"end":{"line":66,"column":65}},"23":{"start":{"line":69,"column":2},"end":{"line":72,"column":5}},"24":{"start":{"line":121,"column":2},"end":{"line":121,"column":14}},"25":{"start":{"line":75,"column":24},"end":{"line":108,"column":2}},"26":{"start":{"line":75,"column":62},"end":{"line":108,"column":2}},"27":{"start":{"line":76,"column":17},"end":{"line":76,"column":27}},"28":{"start":{"line":77,"column":44},"end":{"line":77,"column":52}},"29":{"start":{"line":79,"column":20},"end":{"line":79,"column":61}},"30":{"start":{"line":81,"column":2},"end":{"line":85,"column":null}},"31":{"start":{"line":82,"column":4},"end":{"line":84,"column":65}},"32":{"start":{"line":87,"column":2},"end":{"line":91,"column":null}},"33":{"start":{"line":88,"column":4},"end":{"line":90,"column":7}},"34":{"start":{"line":93,"column":2},"end":{"line":96,"column":4}},"35":{"start":{"line":98,"column":27},"end":{"line":102,"column":4}},"36":{"start":{"line":104,"column":2},"end":{"line":107,"column":5}},"37":{"start":{"line":122,"column":2},"end":{"line":122,"column":17}},"38":{"start":{"line":110,"column":24},"end":{"line":116,"column":2}},"39":{"start":{"line":110,"column":62},"end":{"line":116,"column":2}},"40":{"start":{"line":111,"column":17},"end":{"line":111,"column":27}},"41":{"start":{"line":113,"column":2},"end":{"line":113,"column":45}},"42":{"start":{"line":115,"column":2},"end":{"line":115,"column":78}},"43":{"start":{"line":123,"column":2},"end":{"line":123,"column":17}}},"fnMap":{"0":{"name":"(anonymous_8)","decl":{"start":{"line":4,"column":24},"end":{"line":4,"column":31}},"loc":{"start":{"line":4,"column":62},"end":{"line":23,"column":2}}},"1":{"name":"(anonymous_9)","decl":{"start":{"line":4,"column":62},"end":{"line":4,"column":null}},"loc":{"start":{"line":4,"column":62},"end":{"line":23,"column":1}}},"2":{"name":"(anonymous_10)","decl":{"start":{"line":25,"column":25},"end":{"line":25,"column":32}},"loc":{"start":{"line":25,"column":63},"end":{"line":56,"column":2}}},"3":{"name":"(anonymous_11)","decl":{"start":{"line":25,"column":63},"end":{"line":25,"column":null}},"loc":{"start":{"line":25,"column":63},"end":{"line":56,"column":1}}},"4":{"name":"(anonymous_12)","decl":{"start":{"line":58,"column":21},"end":{"line":58,"column":28}},"loc":{"start":{"line":58,"column":59},"end":{"line":73,"column":2}}},"5":{"name":"(anonymous_13)","decl":{"start":{"line":58,"column":59},"end":{"line":58,"column":null}},"loc":{"start":{"line":58,"column":59},"end":{"line":73,"column":1}}},"6":{"name":"(anonymous_14)","decl":{"start":{"line":75,"column":24},"end":{"line":75,"column":31}},"loc":{"start":{"line":75,"column":62},"end":{"line":108,"column":2}}},"7":{"name":"(anonymous_15)","decl":{"start":{"line":75,"column":62},"end":{"line":75,"column":null}},"loc":{"start":{"line":75,"column":62},"end":{"line":108,"column":1}}},"8":{"name":"(anonymous_16)","decl":{"start":{"line":110,"column":24},"end":{"line":110,"column":31}},"loc":{"start":{"line":110,"column":62},"end":{"line":116,"column":2}}},"9":{"name":"(anonymous_17)","decl":{"start":{"line":110,"column":62},"end":{"line":110,"column":null}},"loc":{"start":{"line":110,"column":62},"end":{"line":116,"column":1}}}},"branchMap":{"0":{"loc":{"start":{"line":8,"column":4},"end":{"line":12,"column":null}},"type":"if","locations":[{"start":{"line":8,"column":4},"end":{"line":12,"column":null}}]},"1":{"loc":{"start":{"line":8,"column":8},"end":{"line":8,"column":44}},"type":"binary-expr","locations":[{"start":{"line":8,"column":8},"end":{"line":8,"column":19}},{"start":{"line":8,"column":23},"end":{"line":8,"column":33}},{"start":{"line":8,"column":37},"end":{"line":8,"column":44}}]},"2":{"loc":{"start":{"line":63,"column":2},"end":{"line":67,"column":null}},"type":"if","locations":[{"start":{"line":63,"column":2},"end":{"line":67,"column":null}}]},"3":{"loc":{"start":{"line":81,"column":2},"end":{"line":85,"column":null}},"type":"if","locations":[{"start":{"line":81,"column":2},"end":{"line":85,"column":null}}]},"4":{"loc":{"start":{"line":87,"column":2},"end":{"line":91,"column":null}},"type":"if","locations":[{"start":{"line":87,"column":2},"end":{"line":91,"column":null}}]},"5":{"loc":{"start":{"line":87,"column":6},"end":{"line":87,"column":44}},"type":"binary-expr","locations":[{"start":{"line":87,"column":7},"end":{"line":87,"column":18}},{"start":{"line":87,"column":22},"end":{"line":87,"column":32}},{"start":{"line":87,"column":37},"end":{"line":87,"column":44}}]}},"s":{"0":1,"1":1,"2":0,"3":0,"4":0,"5":0,"6":0,"7":0,"8":0,"9":0,"10":1,"11":1,"12":1,"13":1,"14":0,"15":0,"16":1,"17":1,"18":0,"19":0,"20":0,"21":0,"22":0,"23":0,"24":1,"25":1,"26":0,"27":0,"28":0,"29":0,"30":0,"31":0,"32":0,"33":0,"34":0,"35":0,"36":0,"37":1,"38":1,"39":0,"40":0,"41":0,"42":0,"43":1},"f":{"0":0,"1":0,"2":1,"3":1,"4":0,"5":0,"6":0,"7":0,"8":0,"9":0},"b":{"0":[0],"1":[0,0,0],"2":[0],"3":[0],"4":[0],"5":[0,0,0]}}
,"/Users/racheal/Documents/big-bang-theory-api/models/character.js": {"path":"/Users/racheal/Documents/big-bang-theory-api/models/character.js","statementMap":{"0":{"start":{"line":2,"column":22},"end":{"line":4,"column":1}},"1":{"start":{"line":3,"column":4},"end":{"line":3,"column":62}},"2":{"start":{"line":5,"column":0},"end":{"line":5,"column":62}},"3":{"start":{"line":6,"column":19},"end":{"line":6,"column":55}},"4":{"start":{"line":7,"column":24},"end":{"line":26,"column":2}},"5":{"start":{"line":27,"column":0},"end":{"line":27,"column":74}}},"fnMap":{"0":{"name":"(anonymous_0)","decl":{"start":{"line":2,"column":56},"end":{"line":2,"column":57}},"loc":{"start":{"line":2,"column":71},"end":{"line":4,"column":1}},"line":2}},"branchMap":{"0":{"loc":{"start":{"line":2,"column":22},"end":{"line":4,"column":1}},"type":"binary-expr","locations":[{"start":{"line":2,"column":23},"end":{"line":2,"column":27}},{"start":{"line":2,"column":31},"end":{"line":2,"column":51}},{"start":{"line":2,"column":56},"end":{"line":4,"column":1}}],"line":2},"1":{"loc":{"start":{"line":3,"column":11},"end":{"line":3,"column":61}},"type":"cond-expr","locations":[{"start":{"line":3,"column":37},"end":{"line":3,"column":40}},{"start":{"line":3,"column":43},"end":{"line":3,"column":61}}],"line":3},"2":{"loc":{"start":{"line":3,"column":12},"end":{"line":3,"column":33}},"type":"binary-expr","locations":[{"start":{"line":3,"column":12},"end":{"line":3,"column":15}},{"start":{"line":3,"column":19},"end":{"line":3,"column":33}}],"line":3}},"s":{"0":1,"1":1,"2":1,"3":1,"4":1,"5":1},"f":{"0":1},"b":{"0":[1,1,1],"1":[0,1],"2":[1,1]},"inputSourceMap":null,"_coverageSchema":"1a1c01bbd47fc00a2c39e90264f33305004495a9","hash":"035814d1fdaad68f6effabdef1fb3bba2b6cb00f"}
,"/Users/racheal/Documents/big-bang-theory-api/routes/Character.ts": {"path":"/Users/racheal/Documents/big-bang-theory-api/routes/Character.ts","statementMap":{"0":{"start":{"line":1,"column":0},"end":{"line":1,"column":33}},"1":{"start":{"line":2,"column":0},"end":{"line":2,"column":null}},"2":{"start":{"line":10,"column":23},"end":{"line":29,"column":1}},"3":{"start":{"line":11,"column":17},"end":{"line":11,"column":25}},"4":{"start":{"line":14,"column":2},"end":{"line":14,"column":46}},"5":{"start":{"line":17,"column":2},"end":{"line":17,"column":46}},"6":{"start":{"line":20,"column":2},"end":{"line":20,"column":46}},"7":{"start":{"line":23,"column":2},"end":{"line":23,"column":49}},"8":{"start":{"line":26,"column":2},"end":{"line":26,"column":52}},"9":{"start":{"line":28,"column":2},"end":{"line":28,"column":16}},"10":{"start":{"line":31,"column":9},"end":{"line":31,"column":23}}},"fnMap":{"0":{"name":"(anonymous_0)","decl":{"start":{"line":10,"column":23},"end":{"line":10,"column":26}},"loc":{"start":{"line":10,"column":28},"end":{"line":29,"column":1}}}},"branchMap":{},"s":{"0":1,"1":1,"2":1,"3":1,"4":1,"5":1,"6":1,"7":1,"8":1,"9":1,"10":1},"f":{"0":1},"b":{}}
,"/Users/racheal/Documents/big-bang-theory-api/src/app.ts": {"path":"/Users/racheal/Documents/big-bang-theory-api/src/app.ts","statementMap":{"0":{"start":{"line":4,"column":0},"end":{"line":4,"column":33}},"1":{"start":{"line":5,"column":0},"end":{"line":5,"column":30}},"2":{"start":{"line":6,"column":0},"end":{"line":6,"column":24}},"3":{"start":{"line":7,"column":0},"end":{"line":7,"column":53}},"4":{"start":{"line":9,"column":17},"end":{"line":9,"column":36}},"5":{"start":{"line":11,"column":0},"end":{"line":11,"column":16}},"6":{"start":{"line":20,"column":21},"end":{"line":20,"column":61}},"7":{"start":{"line":22,"column":12},"end":{"line":22,"column":21}},"8":{"start":{"line":27,"column":0},"end":{"line":27,"column":16}},"9":{"start":{"line":28,"column":0},"end":{"line":28,"column":24}},"10":{"start":{"line":31,"column":0},"end":{"line":33,"column":3}},"11":{"start":{"line":32,"column":2},"end":{"line":32,"column":40}},"12":{"start":{"line":35,"column":0},"end":{"line":35,"column":31}},"13":{"start":{"line":44,"column":0},"end":{"line":44,"column":19}}},"fnMap":{"0":{"name":"(anonymous_7)","decl":{"start":{"line":31,"column":71},"end":{"line":31,"column":74}},"loc":{"start":{"line":31,"column":76},"end":{"line":33,"column":1}}}},"branchMap":{},"s":{"0":1,"1":1,"2":1,"3":1,"4":1,"5":1,"6":1,"7":1,"8":1,"9":1,"10":1,"11":1,"12":1,"13":1},"f":{"0":1},"b":{}}
}
