TN:
SF:controllers/characterController.ts
FN:4,(anonymous_8)
FN:4,(anonymous_9)
FN:25,(anonymous_10)
FN:25,(anonymous_11)
FN:58,(anonymous_12)
FN:58,(anonymous_13)
FN:75,(anonymous_14)
FN:75,(anonymous_15)
FN:110,(anonymous_16)
FN:110,(anonymous_17)
FNF:10
FNH:2
FNDA:0,(anonymous_8)
FNDA:0,(anonymous_9)
FNDA:1,(anonymous_10)
FNDA:1,(anonymous_11)
FNDA:0,(anonymous_12)
FNDA:0,(anonymous_13)
FNDA:0,(anonymous_14)
FNDA:0,(anonymous_15)
FNDA:0,(anonymous_16)
FNDA:0,(anonymous_17)
DA:2,1
DA:4,1
DA:5,0
DA:7,0
DA:8,0
DA:9,0
DA:14,0
DA:16,0
DA:21,0
DA:25,1
DA:26,1
DA:27,0
DA:29,0
DA:58,1
DA:59,0
DA:61,0
DA:63,0
DA:64,0
DA:69,0
DA:75,1
DA:76,0
DA:77,0
DA:79,0
DA:81,0
DA:82,0
DA:87,0
DA:88,0
DA:93,0
DA:98,0
DA:104,0
DA:110,1
DA:111,0
DA:113,0
DA:115,0
DA:119,1
DA:120,1
DA:121,1
DA:122,1
DA:123,1
LF:39
LH:12
BRDA:8,0,0,0
BRDA:8,1,0,0
BRDA:8,1,1,0
BRDA:8,1,2,0
BRDA:63,2,0,0
BRDA:81,3,0,0
BRDA:87,4,0,0
BRDA:87,5,0,0
BRDA:87,5,1,0
BRDA:87,5,2,0
BRF:10
BRH:0
end_of_record
TN:
SF:models/character.js
FN:2,(anonymous_0)
FNF:1
FNH:1
FNDA:1,(anonymous_0)
DA:2,1
DA:3,1
DA:5,1
DA:6,1
DA:7,1
DA:27,1
LF:6
LH:6
BRDA:2,0,0,1
BRDA:2,0,1,1
BRDA:2,0,2,1
BRDA:3,1,0,0
BRDA:3,1,1,1
BRDA:3,2,0,1
BRDA:3,2,1,1
BRF:7
BRH:6
end_of_record
TN:
SF:routes/Character.ts
FN:10,(anonymous_0)
FNF:1
FNH:1
FNDA:1,(anonymous_0)
DA:1,1
DA:2,1
DA:10,1
DA:11,1
DA:14,1
DA:17,1
DA:20,1
DA:23,1
DA:26,1
DA:28,1
DA:31,1
LF:11
LH:11
BRF:0
BRH:0
end_of_record
TN:
SF:src/app.ts
FN:31,(anonymous_7)
FNF:1
FNH:1
FNDA:1,(anonymous_7)
DA:4,1
DA:5,1
DA:6,1
DA:7,1
DA:9,1
DA:11,1
DA:20,1
DA:22,1
DA:27,1
DA:28,1
DA:31,1
DA:32,1
DA:35,1
DA:44,1
LF:14
LH:14
BRF:0
BRH:0
end_of_record
